<?xml version="1.0" encoding="UTF-8"?>
<!-- Generated by org.testng.reporters.JUnitReportReporter -->
<testsuite hostname="LAPTOP-KTRJ9C90" failures="0" tests="1" name="qaclickacademy.MavenProject.AppTest" time="0.005" errors="0" timestamp="2022-06-17T16:23:14 IST" skipped="0">
  <testcase classname="qaclickacademy.MavenProject.AppTest" name="shouldAnswerWithTrue" time="0.005"/>
  <system-out/>
</testsuite> <!-- qaclickacademy.MavenProject.AppTest -->
