<?xml version="1.0" encoding="UTF-8"?>
<!-- Generated by org.testng.reporters.JUnitReportReporter -->
<testsuite hostname="LAPTOP-KTRJ9C90" failures="0" tests="2" name="qaclickacademy.MavenProject.ProgramsTest" time="0.003" errors="0" timestamp="2022-06-28T23:23:52 IST" skipped="0">
  <testcase classname="qaclickacademy.MavenProject.ProgramsTest" name="program" time="0.002"/>
  <system-out/>
  <testcase classname="qaclickacademy.MavenProject.ProgramsTest" name="program1" time="0.001"/>
  <system-out/>
</testsuite> <!-- qaclickacademy.MavenProject.ProgramsTest -->
