<?xml version="1.0" encoding="UTF-8"?>
<!-- Generated by org.testng.reporters.JUnitReportReporter -->
<testsuite hostname="LAPTOP-KTRJ9C90" failures="0" tests="1" name="qaclickacademy.MavenProject.Testng" time="0.009" errors="0" timestamp="2022-06-28T23:21:56 IST" skipped="0">
  <testcase classname="qaclickacademy.MavenProject.Testng" name="beforeclass" time="0.009"/>
  <system-out/>
</testsuite> <!-- qaclickacademy.MavenProject.Testng -->
