<?xml version="1.0" encoding="UTF-8"?>
<!-- Generated by org.testng.reporters.JUnitReportReporter -->
<testsuite hostname="LAPTOP-KTRJ9C90" failures="0" tests="1" name="Switch2.RestAssured.Basics" time="5.055" errors="0" timestamp="2022-07-02T03:32:56 IST" skipped="0">
  <testcase classname="Switch2.RestAssured.Basics" name="postWithAssertions" time="5.055"/>
  <system-out/>
</testsuite> <!-- Switch2.RestAssured.Basics -->
