<?xml version="1.0" encoding="UTF-8"?>
<!-- Generated by org.testng.reporters.JUnitReportReporter -->
<testsuite hostname="LAPTOP-KTRJ9C90" failures="0" tests="1" name="qaclickacademy.MavenProject.Testnmnmmnm" time="0.033" errors="0" timestamp="2022-06-29T03:04:10 IST" skipped="0">
  <testcase classname="qaclickacademy.MavenProject.Testnmnmmnm" name="beforeclass" time="0.033"/>
  <system-out/>
</testsuite> <!-- qaclickacademy.MavenProject.Testnmnmmnm -->
