<?xml version="1.0" encoding="UTF-8"?>
<!-- Generated by org.testng.reporters.JUnitReportReporter -->
<testsuite hostname="LAPTOP-KTRJ9C90" failures="0" tests="2" name="qaclickacademy.MavenProject.Miscellaneous" time="12.650" errors="0" timestamp="2022-06-29T01:31:23 IST" skipped="1">
  <testcase classname="qaclickacademy.MavenProject.Miscellaneous" name="show" time="12.650"/>
  <system-out/>
  <testcase classname="qaclickacademy.MavenProject.Miscellaneous" name="excel">
    <skipped/>
  </testcase> <!-- excel -->
  <system-out/>
</testsuite> <!-- qaclickacademy.MavenProject.Miscellaneous -->
