<?xml version="1.0" encoding="UTF-8"?>
<!-- Generated by org.testng.reporters.JUnitReportReporter -->
<testsuite hostname="LAPTOP-KTRJ9C90" failures="0" tests="2" name="qaclickacademy.MavenProject.Programs" time="0.002" errors="0" timestamp="2022-06-28T22:04:40 IST" skipped="0">
  <testcase classname="qaclickacademy.MavenProject.Programs" name="program1" time="0.001"/>
  <system-out/>
  <testcase classname="qaclickacademy.MavenProject.Programs" name="program" time="0.001"/>
  <system-out/>
</testsuite> <!-- qaclickacademy.MavenProject.Programs -->
